2022-10-15 11:02:47,422 INFO  [org.jboss.modules] (main) JBoss Modules version 2.0.2.Final
2022-10-15 11:02:47,986 INFO  [org.jboss.msc] (main) JBoss MSC version 1.4.13.Final
2022-10-15 11:02:48,002 INFO  [org.jboss.threads] (main) JBoss Threads version 2.4.0.Final
2022-10-15 11:02:48,111 INFO  [org.jboss.as] (MSC service thread 1-1) WFLYSRV0049: Keycloak 18.0.2 (WildFly Core 18.1.1.Final) starting
2022-10-15 11:02:48,111 DEBUG [org.jboss.as.config] (MSC service thread 1-1) Configured system properties:
	file.encoding = UTF-8
	file.separator = \
	java.awt.headless = true
	java.class.path = C:\Users\samue\Desktop\NewAmazon-master\keycloak-18.0.2\jboss-modules.jar
	java.class.version = 62.0
	java.home = C:\Program Files\Java\jdk-18.0.1.1
	java.io.tmpdir = C:\Users\samue\AppData\Local\Temp\
	java.library.path = C:\Program Files\Java\jdk-18.0.1.1\bin;C:\WINDOWS\Sun\Java\bin;C:\WINDOWS\system32;C:\WINDOWS;C:\Program Files\Microsoft\jdk-11.0.12.7-hotspot\bin;C:\Program Files\Common Files\Oracle\Java\javapath;C:\Program Files (x86)\Common Files\Oracle\Java\javapath;C:\Windows\system32;C:\Windows;C:\Windows\System32\Wbem;C:\Windows\System32\WindowsPowerShell\v1.0\;C:\Windows\System32\OpenSSH\;C:\Program Files\Intel\WiFi\bin\;C:\Program Files\Common Files\Intel\WirelessCommon\;C:\Program Files (x86)\NVIDIA Corporation\PhysX\Common;C:\Program Files\NVIDIA Corporation\NVIDIA NvDLISR;C:\Program Files\Java\jdk-16\bin;C:\WINDOWS\system32;C:\WINDOWS;C:\WINDOWS\System32\Wbem;C:\WINDOWS\System32\WindowsPowerShell\v1.0\;C:\WINDOWS\System32\OpenSSH\;C:\Program Files\Git\cmd;C:\Program Files\nodejs\;C:\Program Files\Mullvad VPN\resources;C:\Program Files\MySQL\MySQL Shell 8.0\bin\;C:\Users\samue\AppData\Local\Microsoft\WindowsApps;C:\Program Files\JetBrains\IntelliJ IDEA Community Edition 2021.3.2\bin;;C:\Users\samue\AppData\Local\Programs\Microsoft VS Code\bin;C:\Program Files\JetBrains\IntelliJ IDEA 2021.3.2\bin;;C:\Users\samue\AppData\Roaming\npm;C:\Users\samue\flutter;;.
	java.net.preferIPv4Stack = true
	java.runtime.name = Java(TM) SE Runtime Environment
	java.runtime.version = 18.0.1.1+2-6
	java.security.manager = allow
	java.specification.name = Java Platform API Specification
	java.specification.vendor = Oracle Corporation
	java.specification.version = 18
	java.util.logging.manager = org.jboss.logmanager.LogManager
	java.vendor = Oracle Corporation
	java.vendor.url = https://java.oracle.com/
	java.vendor.url.bug = https://bugreport.java.com/bugreport/
	java.version = 18.0.1.1
	java.version.date = 2022-04-22
	java.vm.compressedOopsMode = 32-bit
	java.vm.info = mixed mode, sharing
	java.vm.name = Java HotSpot(TM) 64-Bit Server VM
	java.vm.specification.name = Java Virtual Machine Specification
	java.vm.specification.vendor = Oracle Corporation
	java.vm.specification.version = 18
	java.vm.vendor = Oracle Corporation
	java.vm.version = 18.0.1.1+2-6
	javax.management.builder.initial = org.jboss.as.jmx.PluggableMBeanServerBuilder
	jboss.home.dir = C:\Users\samue\Desktop\NewAmazon-master\keycloak-18.0.2
	jboss.host.name = desktop-5jpfa0s
	jboss.modules.dir = C:\Users\samue\Desktop\NewAmazon-master\keycloak-18.0.2\modules
	jboss.modules.system.pkgs = org.jboss.byteman
	jboss.node.name = desktop-5jpfa0s
	jboss.qualified.host.name = desktop-5jpfa0s
	jboss.server.base.dir = C:\Users\samue\Desktop\NewAmazon-master\keycloak-18.0.2\standalone
	jboss.server.config.dir = C:\Users\samue\Desktop\NewAmazon-master\keycloak-18.0.2\standalone\configuration
	jboss.server.data.dir = C:\Users\samue\Desktop\NewAmazon-master\keycloak-18.0.2\standalone\data
	jboss.server.deploy.dir = C:\Users\samue\Desktop\NewAmazon-master\keycloak-18.0.2\standalone\data\content
	jboss.server.log.dir = C:\Users\samue\Desktop\NewAmazon-master\keycloak-18.0.2\standalone\log
	jboss.server.name = desktop-5jpfa0s
	jboss.server.persist.config = true
	jboss.server.temp.dir = C:\Users\samue\Desktop\NewAmazon-master\keycloak-18.0.2\standalone\tmp
	jdk.debug = release
	line.separator = 

	logging.configuration = file:C:\Users\samue\Desktop\NewAmazon-master\keycloak-18.0.2\standalone\configuration/logging.properties
	module.path = C:\Users\samue\Desktop\NewAmazon-master\keycloak-18.0.2\modules
	native.encoding = Cp1252
	org.jboss.boot.log.file = C:\Users\samue\Desktop\NewAmazon-master\keycloak-18.0.2\standalone\log\server.log
	org.jboss.resolver.warning = true
	os.arch = amd64
	os.name = Windows 11
	os.version = 10.0
	path.separator = ;
	program.name = standalone.bat
	sun.arch.data.model = 64
	sun.boot.library.path = C:\Program Files\Java\jdk-18.0.1.1\bin
	sun.cpu.endian = little
	sun.cpu.isalist = amd64
	sun.io.unicode.encoding = UnicodeLittle
	sun.java.command = C:\Users\samue\Desktop\NewAmazon-master\keycloak-18.0.2\jboss-modules.jar -mp C:\Users\samue\Desktop\NewAmazon-master\keycloak-18.0.2\modules org.jboss.as.standalone -Djboss.home.dir=C:\Users\samue\Desktop\NewAmazon-master\keycloak-18.0.2
	sun.java.launcher = SUN_STANDARD
	sun.jnu.encoding = Cp1252
	sun.management.compiler = HotSpot 64-Bit Tiered Compilers
	sun.os.patch.level = 
	sun.stderr.encoding = cp850
	sun.stdout.encoding = cp850
	user.country = IT
	user.dir = C:\Users\samue\Desktop\NewAmazon-master\keycloak-18.0.2\bin
	user.home = C:\Users\samue
	user.language = it
	user.name = samue
	user.script = 
	user.timezone = Europe/Rome
	user.variant = 
2022-10-15 11:02:48,111 DEBUG [org.jboss.as.config] (MSC service thread 1-1) VM Arguments: -Dprogram.name=standalone.bat -Xms64M -Xmx512M -XX:MetaspaceSize=96M -XX:MaxMetaspaceSize=256m -Djava.net.preferIPv4Stack=true -Djboss.modules.system.pkgs=org.jboss.byteman -Djava.awt.headless=true --add-exports=java.desktop/sun.awt=ALL-UNNAMED --add-exports=java.naming/com.sun.jndi.ldap=ALL-UNNAMED --add-opens=java.base/java.lang=ALL-UNNAMED --add-opens=java.base/java.lang.invoke=ALL-UNNAMED --add-opens=java.base/java.io=ALL-UNNAMED --add-opens=java.base/java.lang.reflect=ALL-UNNAMED --add-opens=java.base/java.security=ALL-UNNAMED --add-opens=java.base/java.util=ALL-UNNAMED --add-opens=java.base/java.util.concurrent=ALL-UNNAMED --add-opens=java.management/javax.management=ALL-UNNAMED --add-opens=java.naming/javax.naming=ALL-UNNAMED -Djava.security.manager=allow -Dorg.jboss.boot.log.file=C:\Users\samue\Desktop\NewAmazon-master\keycloak-18.0.2\standalone\log\server.log -Dlogging.configuration=file:C:\Users\samue\Desktop\NewAmazon-master\keycloak-18.0.2\standalone\configuration/logging.properties 
2022-10-15 11:02:48,745 INFO  [org.wildfly.security] (ServerService Thread Pool -- 19) ELY00001: WildFly Elytron version 1.19.0.Final
2022-10-15 11:02:49,392 INFO  [org.jboss.as.server] (Controller Boot Thread) WFLYSRV0039: Creating http management service using socket-binding (management-http)
2022-10-15 11:02:49,419 INFO  [org.xnio] (MSC service thread 1-5) XNIO version 3.8.7.Final
2022-10-15 11:02:49,424 INFO  [org.xnio.nio] (MSC service thread 1-5) XNIO NIO Implementation Version 3.8.7.Final
2022-10-15 11:02:49,488 WARN  [org.jboss.as.txn] (ServerService Thread Pool -- 49) WFLYTX0013: The node-identifier attribute on the /subsystem=transactions is set to the default value. This is a danger for environments running multiple servers. Please make sure the attribute value is unique.
2022-10-15 11:02:49,488 INFO  [org.jboss.as.jaxrs] (ServerService Thread Pool -- 38) WFLYRS0016: RESTEasy version 4.7.6.Final
2022-10-15 11:02:49,516 INFO  [org.wildfly.extension.health] (ServerService Thread Pool -- 35) WFLYHEALTH0001: Activating Base Health Subsystem
2022-10-15 11:02:49,535 INFO  [org.jboss.as.clustering.infinispan] (ServerService Thread Pool -- 36) WFLYCLINF0001: Activating Infinispan subsystem.
2022-10-15 11:02:49,535 INFO  [org.jboss.as.naming] (ServerService Thread Pool -- 45) WFLYNAM0001: Activating Naming Subsystem
2022-10-15 11:02:49,553 INFO  [org.wildfly.extension.metrics] (ServerService Thread Pool -- 44) WFLYMETRICS0001: Activating Base Metrics Subsystem
2022-10-15 11:02:49,625 INFO  [org.jboss.as.connector.subsystems.datasources] (ServerService Thread Pool -- 30) WFLYJCA0004: Deploying JDBC-compliant driver class org.h2.Driver (version 1.4)
2022-10-15 11:02:49,675 INFO  [org.wildfly.extension.undertow] (MSC service thread 1-2) WFLYUT0003: Undertow 2.2.17.Final starting
2022-10-15 11:02:49,725 WARN  [org.wildfly.clustering.web.undertow] (ServerService Thread Pool -- 50) WFLYCLWEBUT0007: No routing provider found for default-server; using legacy provider based on static configuration
2022-10-15 11:02:49,733 INFO  [org.jboss.as.connector] (MSC service thread 1-7) WFLYJCA0009: Starting Jakarta Connectors Subsystem (WildFly/IronJacamar 1.5.3.Final)
2022-10-15 11:02:49,742 INFO  [org.jboss.as.naming] (MSC service thread 1-1) WFLYNAM0003: Starting Naming Service
2022-10-15 11:02:49,748 INFO  [org.jboss.as.connector.deployers.jdbc] (MSC service thread 1-7) WFLYJCA0018: Started Driver service with driver-name = h2
2022-10-15 11:02:49,750 INFO  [org.jboss.as.mail.extension] (MSC service thread 1-4) WFLYMAIL0001: Bound mail session [java:jboss/mail/Default]
2022-10-15 11:02:49,778 WARN  [org.wildfly.extension.elytron] (MSC service thread 1-2) WFLYELY00023: KeyStore file 'C:\Users\samue\Desktop\NewAmazon-master\keycloak-18.0.2\standalone\configuration\application.keystore' does not exist. Used blank.
2022-10-15 11:02:49,832 INFO  [org.wildfly.extension.undertow] (ServerService Thread Pool -- 50) WFLYUT0014: Creating file handler for path 'C:\Users\samue\Desktop\NewAmazon-master\keycloak-18.0.2/welcome-content' with options [directory-listing: 'false', follow-symlink: 'false', case-sensitive: 'true', safe-symlink-paths: '[]']
2022-10-15 11:02:49,833 WARN  [org.wildfly.extension.elytron] (MSC service thread 1-2) WFLYELY01084: KeyStore C:\Users\samue\Desktop\NewAmazon-master\keycloak-18.0.2\standalone\configuration\application.keystore not found, it will be auto generated on first use with a self-signed certificate for host localhost
2022-10-15 11:02:50,382 INFO  [org.wildfly.extension.io] (ServerService Thread Pool -- 37) WFLYIO001: Worker 'default' has auto-configured to 16 IO threads with 128 max task threads based on your 8 available processors
2022-10-15 11:02:50,386 INFO  [org.jboss.as.ejb3] (MSC service thread 1-7) WFLYEJB0482: Strict pool mdb-strict-max-pool is using a max instance size of 32 (per class), which is derived from the number of CPUs on this host.
2022-10-15 11:02:50,386 INFO  [org.jboss.as.ejb3] (MSC service thread 1-6) WFLYEJB0481: Strict pool slsb-strict-max-pool is using a max instance size of 128 (per class), which is derived from thread worker pool sizing.
2022-10-15 11:02:50,434 INFO  [org.jboss.remoting] (MSC service thread 1-5) JBoss Remoting version 5.0.24.Final
2022-10-15 11:02:50,434 INFO  [org.wildfly.extension.undertow] (MSC service thread 1-6) WFLYUT0012: Started server default-server.
2022-10-15 11:02:50,437 INFO  [org.wildfly.extension.undertow] (MSC service thread 1-6) Queuing requests.
2022-10-15 11:02:50,439 INFO  [org.wildfly.extension.undertow] (MSC service thread 1-6) WFLYUT0018: Host default-host starting
2022-10-15 11:02:50,466 INFO  [org.jboss.as.patching] (MSC service thread 1-1) WFLYPAT0050: Keycloak cumulative patch ID is: base, one-off patches include: none
2022-10-15 11:02:50,471 INFO  [org.jboss.as.server.deployment.scanner] (MSC service thread 1-1) WFLYDS0013: Started FileSystemDeploymentService for directory C:\Users\samue\Desktop\NewAmazon-master\keycloak-18.0.2\standalone\deployments
2022-10-15 11:02:50,502 INFO  [org.jboss.as.server.deployment] (MSC service thread 1-6) WFLYSRV0027: Starting deployment of "keycloak-server.war" (runtime-name: "keycloak-server.war")
2022-10-15 11:02:50,521 INFO  [org.wildfly.extension.undertow] (MSC service thread 1-4) WFLYUT0006: Undertow HTTP listener default listening on 127.0.0.1:8180
2022-10-15 11:02:50,521 INFO  [org.wildfly.extension.undertow] (MSC service thread 1-3) WFLYUT0006: Undertow HTTPS listener https listening on 127.0.0.1:8443
2022-10-15 11:02:50,628 INFO  [org.jboss.as.ejb3] (MSC service thread 1-8) WFLYEJB0493: Jakarta Enterprise Beans subsystem suspension complete
2022-10-15 11:02:50,885 INFO  [org.jboss.as.connector.subsystems.datasources] (MSC service thread 1-7) WFLYJCA0001: Bound data source [java:jboss/datasources/ExampleDS]
2022-10-15 11:02:50,885 INFO  [org.jboss.as.connector.subsystems.datasources] (MSC service thread 1-4) WFLYJCA0001: Bound data source [java:jboss/datasources/KeycloakDS]
2022-10-15 11:02:52,128 INFO  [org.infinispan.CONTAINER] (ServerService Thread Pool -- 53) ISPN000128: Infinispan version: Infinispan 'Triskaidekaphobia' 13.0.10.Final
2022-10-15 11:02:52,237 INFO  [org.infinispan.CONTAINER] (ServerService Thread Pool -- 53) ISPN000556: Starting user marshaller 'org.wildfly.clustering.infinispan.spi.marshalling.InfinispanProtoStreamMarshaller'
2022-10-15 11:02:52,237 INFO  [org.infinispan.CONTAINER] (ServerService Thread Pool -- 52) ISPN000556: Starting user marshaller 'org.wildfly.clustering.infinispan.marshalling.jboss.JBossMarshaller'
2022-10-15 11:02:52,669 INFO  [org.jboss.as.clustering.infinispan] (ServerService Thread Pool -- 52) WFLYCLINF0002: Started authenticationSessions cache from keycloak container
2022-10-15 11:02:52,669 INFO  [org.jboss.as.clustering.infinispan] (ServerService Thread Pool -- 56) WFLYCLINF0002: Started offlineSessions cache from keycloak container
2022-10-15 11:02:52,669 INFO  [org.jboss.as.clustering.infinispan] (ServerService Thread Pool -- 62) WFLYCLINF0002: Started clientSessions cache from keycloak container
2022-10-15 11:02:52,669 INFO  [org.jboss.as.clustering.infinispan] (ServerService Thread Pool -- 54) WFLYCLINF0002: Started sessions cache from keycloak container
2022-10-15 11:02:52,669 INFO  [org.jboss.as.clustering.infinispan] (ServerService Thread Pool -- 63) WFLYCLINF0002: Started actionTokens cache from keycloak container
2022-10-15 11:02:52,672 INFO  [org.jboss.as.clustering.infinispan] (ServerService Thread Pool -- 53) WFLYCLINF0002: Started loginFailures cache from keycloak container
2022-10-15 11:02:52,674 INFO  [org.jboss.as.clustering.infinispan] (ServerService Thread Pool -- 59) WFLYCLINF0002: Started work cache from keycloak container
2022-10-15 11:02:52,674 INFO  [org.jboss.as.clustering.infinispan] (ServerService Thread Pool -- 60) WFLYCLINF0002: Started offlineClientSessions cache from keycloak container
2022-10-15 11:02:52,681 INFO  [org.infinispan.CONFIG] (MSC service thread 1-7) ISPN000152: Passivation configured without an eviction policy being selected. Only manually evicted entities will be passivated.
2022-10-15 11:02:52,682 INFO  [org.infinispan.CONFIG] (MSC service thread 1-7) ISPN000152: Passivation configured without an eviction policy being selected. Only manually evicted entities will be passivated.
2022-10-15 11:02:52,714 INFO  [org.jboss.as.clustering.infinispan] (ServerService Thread Pool -- 60) WFLYCLINF0002: Started http-remoting-connector cache from ejb container
2022-10-15 11:02:52,721 INFO  [org.jboss.as.clustering.infinispan] (ServerService Thread Pool -- 61) WFLYCLINF0002: Started realms cache from keycloak container
2022-10-15 11:02:52,721 INFO  [org.jboss.as.clustering.infinispan] (ServerService Thread Pool -- 55) WFLYCLINF0002: Started users cache from keycloak container
2022-10-15 11:02:52,721 INFO  [org.jboss.as.clustering.infinispan] (ServerService Thread Pool -- 58) WFLYCLINF0002: Started authorization cache from keycloak container
2022-10-15 11:02:52,721 INFO  [org.jboss.as.clustering.infinispan] (ServerService Thread Pool -- 57) WFLYCLINF0002: Started keys cache from keycloak container
2022-10-15 11:02:52,815 WARN  [org.jboss.as.server.deployment] (MSC service thread 1-6) WFLYSRV0273: Excluded subsystem webservices via jboss-deployment-structure.xml does not exist.
2022-10-15 11:02:53,080 INFO  [org.keycloak.services] (ServerService Thread Pool -- 58) KC-SERVICES0001: Loading config from standalone.xml or domain.xml
2022-10-15 11:02:53,877 INFO  [org.keycloak.url.DefaultHostnameProviderFactory] (ServerService Thread Pool -- 58) Frontend: <request>, Admin: <frontend>, Backend: <request>
2022-10-15 11:02:54,327 INFO  [org.jboss.as.clustering.infinispan] (ServerService Thread Pool -- 58) WFLYCLINF0002: Started realmRevisions cache from keycloak container
2022-10-15 11:02:54,342 INFO  [org.jboss.as.clustering.infinispan] (ServerService Thread Pool -- 58) WFLYCLINF0002: Started userRevisions cache from keycloak container
2022-10-15 11:02:54,362 INFO  [org.jboss.as.clustering.infinispan] (ServerService Thread Pool -- 58) WFLYCLINF0002: Started authorizationRevisions cache from keycloak container
2022-10-15 11:02:54,363 INFO  [org.keycloak.connections.infinispan.DefaultInfinispanConnectionProviderFactory] (ServerService Thread Pool -- 58) Node name: desktop-5jpfa0s, Site name: null
2022-10-15 11:02:59,385 INFO  [org.keycloak.connections.jpa.DefaultJpaConnectionProviderFactory] (ServerService Thread Pool -- 58) Database info: {databaseUrl=jdbc:h2:C:\Users\samue\Desktop\NewAmazon-master\keycloak-18.0.2\standalone\data/keycloak, databaseUser=SA, databaseProduct=H2 1.4.197 (2018-03-18), databaseDriver=H2 JDBC Driver 1.4.197 (2018-03-18)}
2022-10-15 11:03:01,521 INFO  [org.hibernate.jpa.internal.util.LogHelper] (ServerService Thread Pool -- 58) HHH000204: Processing PersistenceUnitInfo [
	name: keycloak-default
	...]
2022-10-15 11:03:01,584 INFO  [org.hibernate.Version] (ServerService Thread Pool -- 58) HHH000412: Hibernate Core {5.3.24.Final}
2022-10-15 11:03:01,584 INFO  [org.hibernate.cfg.Environment] (ServerService Thread Pool -- 58) HHH000206: hibernate.properties not found
2022-10-15 11:03:01,818 INFO  [org.hibernate.annotations.common.Version] (ServerService Thread Pool -- 58) HCANN000001: Hibernate Commons Annotations {5.0.5.Final}
2022-10-15 11:03:01,991 INFO  [org.hibernate.dialect.Dialect] (ServerService Thread Pool -- 58) HHH000400: Using dialect: org.hibernate.dialect.H2Dialect
2022-10-15 11:03:02,053 INFO  [org.hibernate.envers.boot.internal.EnversServiceImpl] (ServerService Thread Pool -- 58) Envers integration enabled? : true
2022-10-15 11:03:02,370 INFO  [org.hibernate.orm.beans] (ServerService Thread Pool -- 58) HHH10005002: No explicit CDI BeanManager reference was passed to Hibernate, but CDI is available on the Hibernate ClassLoader.
2022-10-15 11:03:02,621 INFO  [org.hibernate.validator.internal.util.Version] (ServerService Thread Pool -- 58) HV000001: Hibernate Validator 6.0.23.Final
2022-10-15 11:03:04,254 INFO  [org.hibernate.hql.internal.QueryTranslatorFactoryInitiator] (ServerService Thread Pool -- 58) HHH000397: Using ASTQueryTranslatorFactory
2022-10-15 11:03:06,709 INFO  [org.jboss.resteasy.resteasy_jaxrs.i18n] (ServerService Thread Pool -- 58) RESTEASY002225: Deploying javax.ws.rs.core.Application: class org.keycloak.services.resources.KeycloakApplication
2022-10-15 11:03:06,709 INFO  [org.jboss.resteasy.resteasy_jaxrs.i18n] (ServerService Thread Pool -- 58) RESTEASY002200: Adding class resource org.keycloak.services.resources.JsResource from Application class org.keycloak.services.resources.KeycloakApplication
2022-10-15 11:03:06,709 INFO  [org.jboss.resteasy.resteasy_jaxrs.i18n] (ServerService Thread Pool -- 58) RESTEASY002200: Adding class resource org.keycloak.services.resources.ThemeResource from Application class org.keycloak.services.resources.KeycloakApplication
2022-10-15 11:03:06,756 INFO  [org.jboss.resteasy.resteasy_jaxrs.i18n] (ServerService Thread Pool -- 58) RESTEASY002205: Adding provider class org.keycloak.services.error.KcUnrecognizedPropertyExceptionHandler from Application class org.keycloak.services.resources.KeycloakApplication
2022-10-15 11:03:06,771 INFO  [org.jboss.resteasy.resteasy_jaxrs.i18n] (ServerService Thread Pool -- 58) RESTEASY002205: Adding provider class org.keycloak.services.error.KeycloakErrorHandler from Application class org.keycloak.services.resources.KeycloakApplication
2022-10-15 11:03:06,771 INFO  [org.jboss.resteasy.resteasy_jaxrs.i18n] (ServerService Thread Pool -- 58) RESTEASY002205: Adding provider class org.keycloak.services.filters.KeycloakSecurityHeadersFilter from Application class org.keycloak.services.resources.KeycloakApplication
2022-10-15 11:03:06,787 INFO  [org.jboss.resteasy.resteasy_jaxrs.i18n] (ServerService Thread Pool -- 58) RESTEASY002220: Adding singleton resource org.keycloak.services.resources.RealmsResource from Application class org.keycloak.services.resources.KeycloakApplication
2022-10-15 11:03:06,802 INFO  [org.jboss.resteasy.resteasy_jaxrs.i18n] (ServerService Thread Pool -- 58) RESTEASY002220: Adding singleton resource org.keycloak.services.resources.admin.AdminRoot from Application class org.keycloak.services.resources.KeycloakApplication
2022-10-15 11:03:06,802 INFO  [org.jboss.resteasy.resteasy_jaxrs.i18n] (ServerService Thread Pool -- 58) RESTEASY002220: Adding singleton resource org.keycloak.services.resources.WelcomeResource from Application class org.keycloak.services.resources.KeycloakApplication
2022-10-15 11:03:06,802 INFO  [org.jboss.resteasy.resteasy_jaxrs.i18n] (ServerService Thread Pool -- 58) RESTEASY002220: Adding singleton resource org.keycloak.services.resources.RobotsResource from Application class org.keycloak.services.resources.KeycloakApplication
2022-10-15 11:03:06,802 INFO  [org.jboss.resteasy.resteasy_jaxrs.i18n] (ServerService Thread Pool -- 58) RESTEASY002210: Adding provider singleton org.keycloak.services.util.ObjectMapperResolver from Application class org.keycloak.services.resources.KeycloakApplication
2022-10-15 11:03:07,188 INFO  [org.wildfly.extension.undertow] (ServerService Thread Pool -- 58) WFLYUT0021: Registered web context: '/auth' for server 'default-server'
2022-10-15 11:03:07,414 INFO  [org.jboss.as.server] (ServerService Thread Pool -- 42) WFLYSRV0010: Deployed "keycloak-server.war" (runtime-name : "keycloak-server.war")
2022-10-15 11:03:07,618 INFO  [org.jboss.as.server] (Controller Boot Thread) WFLYSRV0212: Resuming server
2022-10-15 11:03:07,618 INFO  [org.jboss.as] (Controller Boot Thread) WFLYSRV0025: Keycloak 18.0.2 (WildFly Core 18.1.1.Final) started in 20572ms - Started 573 of 851 services (576 services are lazy, passive or on-demand) - Server configuration file in use: standalone.xml
2022-10-15 11:03:07,649 INFO  [org.jboss.as] (Controller Boot Thread) WFLYSRV0060: Http management interface listening on http://127.0.0.1:9990/management
2022-10-15 11:03:07,649 INFO  [org.jboss.as] (Controller Boot Thread) WFLYSRV0051: Admin console listening on http://127.0.0.1:9990
2022-10-15 11:06:13,991 WARN  [org.keycloak.events] (default task-1) type=LOGIN_ERROR, realmId=Amazon, clientId=amazon-frontend-client, userId=55f4c13e-3bdb-4bce-9c14-ccca3e0c36cf, ipAddress=127.0.0.1, error=invalid_user_credentials, auth_method=openid-connect, auth_type=code, redirect_uri=http://localhost:4200/index.html, code_id=1c75544d-93bb-411e-a012-32d59d0ed442, username=samuelenapolitano@protonmail.ch, authSessionParentId=1c75544d-93bb-411e-a012-32d59d0ed442, authSessionTabId=A9g2Xj16_b0
2022-10-15 11:06:18,084 WARN  [org.keycloak.events] (default task-1) type=LOGIN_ERROR, realmId=Amazon, clientId=amazon-frontend-client, userId=55f4c13e-3bdb-4bce-9c14-ccca3e0c36cf, ipAddress=127.0.0.1, error=invalid_user_credentials, auth_method=openid-connect, auth_type=code, redirect_uri=http://localhost:4200/index.html, code_id=1c75544d-93bb-411e-a012-32d59d0ed442, username=samuelenapolitano@protonmail.ch, authSessionParentId=1c75544d-93bb-411e-a012-32d59d0ed442, authSessionTabId=A9g2Xj16_b0
2022-10-15 11:06:22,443 WARN  [org.keycloak.events] (default task-1) type=LOGIN_ERROR, realmId=Amazon, clientId=amazon-frontend-client, userId=55f4c13e-3bdb-4bce-9c14-ccca3e0c36cf, ipAddress=127.0.0.1, error=invalid_user_credentials, auth_method=openid-connect, auth_type=code, redirect_uri=http://localhost:4200/index.html, code_id=1c75544d-93bb-411e-a012-32d59d0ed442, username=samuelenapolitano@protonmail.ch, authSessionParentId=1c75544d-93bb-411e-a012-32d59d0ed442, authSessionTabId=A9g2Xj16_b0
